1759480717.217984 client started (616220): version 3.2a, socket /tmp/tmux-1018/default, protocol 8
1759480717.218030 on Linux 6.8.0-49-generic #49~22.04.1-Ubuntu SMP PREEMPT_DYNAMIC Wed Nov  6 17:42:15 UTC 2
1759480717.218039 using libevent 2.1.12-stable (poll); ncurses 6.3
1759480717.218072 flags are 0x18010000
1759480717.218078 socket is /tmp/tmux-1018/default
1759480717.218100 trying connect
1759480717.218131 connect failed: No such file or directory
1759480717.218146 lock file is /tmp/tmux-1018/default.lock
1759480717.218185 flock succeeded
1759480717.218191 got lock (6)
1759480717.218201 trying connect
1759480717.218212 connect failed: No such file or directory
1759480717.218466 add peer 0x60b357c4a990: 7 ((nil))
1759480717.218882 sending message 100 to peer 0x60b357c4a990 (4 bytes)
1759480717.218888 sending message 111 to peer 0x60b357c4a990 (8 bytes)
1759480717.218891 sending message 101 to peer 0x60b357c4a990 (15 bytes)
1759480717.218894 sending message 109 to peer 0x60b357c4a990 (4 bytes)
1759480717.218896 sending message 102 to peer 0x60b357c4a990 (11 bytes)
1759480717.218899 sending message 108 to peer 0x60b357c4a990 (33 bytes)
1759480717.218902 sending message 112 to peer 0x60b357c4a990 (58 bytes)
1759480717.218905 sending message 112 to peer 0x60b357c4a990 (5 bytes)
1759480717.218907 sending message 112 to peer 0x60b357c4a990 (5 bytes)
1759480717.218910 sending message 112 to peer 0x60b357c4a990 (6 bytes)
1759480717.218924 sending message 112 to peer 0x60b357c4a990 (6 bytes)
1759480717.218929 sending message 112 to peer 0x60b357c4a990 (11 bytes)
1759480717.218932 sending message 112 to peer 0x60b357c4a990 (10 bytes)
1759480717.218934 sending message 112 to peer 0x60b357c4a990 (13 bytes)
1759480717.218937 sending message 112 to peer 0x60b357c4a990 (14 bytes)
1759480717.218939 sending message 112 to peer 0x60b357c4a990 (19 bytes)
1759480717.218942 sending message 112 to peer 0x60b357c4a990 (11 bytes)
1759480717.218944 sending message 112 to peer 0x60b357c4a990 (10 bytes)
1759480717.218947 sending message 112 to peer 0x60b357c4a990 (15 bytes)
1759480717.218949 sending message 112 to peer 0x60b357c4a990 (21 bytes)
1759480717.218952 sending message 112 to peer 0x60b357c4a990 (13 bytes)
1759480717.218955 sending message 112 to peer 0x60b357c4a990 (7 bytes)
1759480717.218957 sending message 112 to peer 0x60b357c4a990 (13 bytes)
1759480717.218960 sending message 112 to peer 0x60b357c4a990 (7 bytes)
1759480717.218962 sending message 112 to peer 0x60b357c4a990 (13 bytes)
1759480717.218965 sending message 112 to peer 0x60b357c4a990 (9 bytes)
1759480717.218968 sending message 112 to peer 0x60b357c4a990 (21 bytes)
1759480717.218970 sending message 112 to peer 0x60b357c4a990 (13 bytes)
1759480717.218973 sending message 112 to peer 0x60b357c4a990 (9 bytes)
1759480717.218976 sending message 112 to peer 0x60b357c4a990 (16 bytes)
1759480717.218978 sending message 112 to peer 0x60b357c4a990 (13 bytes)
1759480717.218981 sending message 112 to peer 0x60b357c4a990 (9 bytes)
1759480717.218983 sending message 112 to peer 0x60b357c4a990 (9 bytes)
1759480717.218986 sending message 112 to peer 0x60b357c4a990 (12 bytes)
1759480717.218988 sending message 112 to peer 0x60b357c4a990 (8 bytes)
1759480717.218991 sending message 112 to peer 0x60b357c4a990 (8 bytes)
1759480717.219005 sending message 112 to peer 0x60b357c4a990 (13 bytes)
1759480717.219007 sending message 112 to peer 0x60b357c4a990 (7 bytes)
1759480717.219010 sending message 112 to peer 0x60b357c4a990 (7 bytes)
1759480717.219012 sending message 112 to peer 0x60b357c4a990 (9 bytes)
1759480717.219014 sending message 112 to peer 0x60b357c4a990 (9 bytes)
1759480717.219017 sending message 112 to peer 0x60b357c4a990 (15 bytes)
1759480717.219019 sending message 112 to peer 0x60b357c4a990 (13 bytes)
1759480717.219022 sending message 112 to peer 0x60b357c4a990 (12 bytes)
1759480717.219025 sending message 112 to peer 0x60b357c4a990 (8 bytes)
1759480717.219027 sending message 112 to peer 0x60b357c4a990 (14 bytes)
1759480717.219030 sending message 112 to peer 0x60b357c4a990 (11 bytes)
1759480717.219032 sending message 112 to peer 0x60b357c4a990 (9 bytes)
1759480717.219044 sending message 112 to peer 0x60b357c4a990 (10 bytes)
1759480717.219047 sending message 112 to peer 0x60b357c4a990 (10 bytes)
1759480717.219049 sending message 112 to peer 0x60b357c4a990 (10 bytes)
1759480717.219051 sending message 112 to peer 0x60b357c4a990 (10 bytes)
1759480717.219054 sending message 112 to peer 0x60b357c4a990 (11 bytes)
1759480717.219056 sending message 112 to peer 0x60b357c4a990 (12 bytes)
1759480717.219059 sending message 112 to peer 0x60b357c4a990 (12 bytes)
1759480717.219061 sending message 112 to peer 0x60b357c4a990 (12 bytes)
1759480717.219064 sending message 112 to peer 0x60b357c4a990 (12 bytes)
1759480717.219066 sending message 112 to peer 0x60b357c4a990 (12 bytes)
1759480717.219069 sending message 112 to peer 0x60b357c4a990 (11 bytes)
1759480717.219071 sending message 112 to peer 0x60b357c4a990 (11 bytes)
1759480717.219073 sending message 112 to peer 0x60b357c4a990 (12 bytes)
1759480717.219076 sending message 112 to peer 0x60b357c4a990 (12 bytes)
1759480717.219078 sending message 112 to peer 0x60b357c4a990 (12 bytes)
1759480717.219080 sending message 112 to peer 0x60b357c4a990 (12 bytes)
1759480717.219083 sending message 112 to peer 0x60b357c4a990 (12 bytes)
1759480717.219085 sending message 112 to peer 0x60b357c4a990 (9 bytes)
1759480717.219087 sending message 112 to peer 0x60b357c4a990 (12 bytes)
1759480717.219090 sending message 112 to peer 0x60b357c4a990 (13 bytes)
1759480717.219093 sending message 112 to peer 0x60b357c4a990 (13 bytes)
1759480717.219095 sending message 112 to peer 0x60b357c4a990 (13 bytes)
1759480717.219097 sending message 112 to peer 0x60b357c4a990 (13 bytes)
1759480717.219100 sending message 112 to peer 0x60b357c4a990 (13 bytes)
1759480717.219102 sending message 112 to peer 0x60b357c4a990 (8 bytes)
1759480717.219104 sending message 112 to peer 0x60b357c4a990 (11 bytes)
1759480717.219107 sending message 112 to peer 0x60b357c4a990 (11 bytes)
1759480717.219109 sending message 112 to peer 0x60b357c4a990 (11 bytes)
1759480717.219111 sending message 112 to peer 0x60b357c4a990 (12 bytes)
1759480717.219114 sending message 112 to peer 0x60b357c4a990 (12 bytes)
1759480717.219116 sending message 112 to peer 0x60b357c4a990 (12 bytes)
1759480717.219118 sending message 112 to peer 0x60b357c4a990 (12 bytes)
1759480717.219121 sending message 112 to peer 0x60b357c4a990 (13 bytes)
1759480717.219123 sending message 112 to peer 0x60b357c4a990 (13 bytes)
1759480717.219125 sending message 112 to peer 0x60b357c4a990 (13 bytes)
1759480717.219128 sending message 112 to peer 0x60b357c4a990 (8 bytes)
1759480717.219130 sending message 112 to peer 0x60b357c4a990 (13 bytes)
1759480717.219132 sending message 112 to peer 0x60b357c4a990 (13 bytes)
1759480717.219135 sending message 112 to peer 0x60b357c4a990 (13 bytes)
1759480717.219137 sending message 112 to peer 0x60b357c4a990 (13 bytes)
1759480717.219140 sending message 112 to peer 0x60b357c4a990 (13 bytes)
1759480717.219142 sending message 112 to peer 0x60b357c4a990 (12 bytes)
1759480717.219144 sending message 112 to peer 0x60b357c4a990 (12 bytes)
1759480717.219147 sending message 112 to peer 0x60b357c4a990 (12 bytes)
1759480717.219149 sending message 112 to peer 0x60b357c4a990 (12 bytes)
1759480717.219151 sending message 112 to peer 0x60b357c4a990 (13 bytes)
1759480717.219154 sending message 112 to peer 0x60b357c4a990 (8 bytes)
1759480717.219156 sending message 112 to peer 0x60b357c4a990 (13 bytes)
1759480717.219158 sending message 112 to peer 0x60b357c4a990 (13 bytes)
1759480717.219161 sending message 112 to peer 0x60b357c4a990 (13 bytes)
1759480717.219163 sending message 112 to peer 0x60b357c4a990 (13 bytes)
1759480717.219165 sending message 112 to peer 0x60b357c4a990 (13 bytes)
1759480717.219168 sending message 112 to peer 0x60b357c4a990 (13 bytes)
1759480717.219170 sending message 112 to peer 0x60b357c4a990 (13 bytes)
1759480717.219173 sending message 112 to peer 0x60b357c4a990 (12 bytes)
1759480717.219176 sending message 112 to peer 0x60b357c4a990 (12 bytes)
1759480717.219178 sending message 112 to peer 0x60b357c4a990 (12 bytes)
1759480717.219184 sending message 112 to peer 0x60b357c4a990 (8 bytes)
1759480717.219186 sending message 112 to peer 0x60b357c4a990 (12 bytes)
1759480717.219189 sending message 112 to peer 0x60b357c4a990 (13 bytes)
1759480717.219191 sending message 112 to peer 0x60b357c4a990 (13 bytes)
1759480717.219193 sending message 112 to peer 0x60b357c4a990 (13 bytes)
1759480717.219196 sending message 112 to peer 0x60b357c4a990 (13 bytes)
1759480717.219198 sending message 112 to peer 0x60b357c4a990 (13 bytes)
1759480717.219200 sending message 112 to peer 0x60b357c4a990 (13 bytes)
1759480717.219202 sending message 112 to peer 0x60b357c4a990 (13 bytes)
1759480717.219205 sending message 112 to peer 0x60b357c4a990 (13 bytes)
1759480717.219207 sending message 112 to peer 0x60b357c4a990 (12 bytes)
1759480717.219210 sending message 112 to peer 0x60b357c4a990 (10 bytes)
1759480717.219213 sending message 112 to peer 0x60b357c4a990 (12 bytes)
1759480717.219215 sending message 112 to peer 0x60b357c4a990 (12 bytes)
1759480717.219217 sending message 112 to peer 0x60b357c4a990 (12 bytes)
1759480717.219220 sending message 112 to peer 0x60b357c4a990 (13 bytes)
1759480717.219222 sending message 112 to peer 0x60b357c4a990 (13 bytes)
1759480717.219224 sending message 112 to peer 0x60b357c4a990 (13 bytes)
1759480717.219227 sending message 112 to peer 0x60b357c4a990 (13 bytes)
1759480717.219229 sending message 112 to peer 0x60b357c4a990 (13 bytes)
1759480717.219231 sending message 112 to peer 0x60b357c4a990 (13 bytes)
1759480717.219234 sending message 112 to peer 0x60b357c4a990 (13 bytes)
1759480717.219236 sending message 112 to peer 0x60b357c4a990 (10 bytes)
1759480717.219238 sending message 112 to peer 0x60b357c4a990 (13 bytes)
1759480717.219240 sending message 112 to peer 0x60b357c4a990 (12 bytes)
1759480717.219243 sending message 112 to peer 0x60b357c4a990 (12 bytes)
1759480717.219245 sending message 112 to peer 0x60b357c4a990 (12 bytes)
1759480717.219247 sending message 112 to peer 0x60b357c4a990 (10 bytes)
1759480717.219250 sending message 112 to peer 0x60b357c4a990 (10 bytes)
1759480717.219252 sending message 112 to peer 0x60b357c4a990 (10 bytes)
1759480717.219254 sending message 112 to peer 0x60b357c4a990 (12 bytes)
1759480717.219257 sending message 112 to peer 0x60b357c4a990 (13 bytes)
1759480717.219259 sending message 112 to peer 0x60b357c4a990 (13 bytes)
1759480717.219261 sending message 112 to peer 0x60b357c4a990 (13 bytes)
1759480717.219264 sending message 112 to peer 0x60b357c4a990 (13 bytes)
1759480717.219266 sending message 112 to peer 0x60b357c4a990 (13 bytes)
1759480717.219268 sending message 112 to peer 0x60b357c4a990 (10 bytes)
1759480717.219270 sending message 112 to peer 0x60b357c4a990 (11 bytes)
1759480717.219273 sending message 112 to peer 0x60b357c4a990 (12 bytes)
1759480717.219275 sending message 112 to peer 0x60b357c4a990 (12 bytes)
1759480717.219277 sending message 112 to peer 0x60b357c4a990 (12 bytes)
1759480717.219280 sending message 112 to peer 0x60b357c4a990 (12 bytes)
1759480717.219282 sending message 112 to peer 0x60b357c4a990 (12 bytes)
1759480717.219285 sending message 112 to peer 0x60b357c4a990 (11 bytes)
1759480717.219287 sending message 112 to peer 0x60b357c4a990 (12 bytes)
1759480717.219289 sending message 112 to peer 0x60b357c4a990 (12 bytes)
1759480717.219292 sending message 112 to peer 0x60b357c4a990 (13 bytes)
1759480717.219294 sending message 112 to peer 0x60b357c4a990 (13 bytes)
1759480717.219296 sending message 112 to peer 0x60b357c4a990 (13 bytes)
1759480717.219299 sending message 112 to peer 0x60b357c4a990 (13 bytes)
1759480717.219301 sending message 112 to peer 0x60b357c4a990 (13 bytes)
1759480717.219303 sending message 112 to peer 0x60b357c4a990 (10 bytes)
1759480717.219305 sending message 112 to peer 0x60b357c4a990 (9 bytes)
1759480717.219308 sending message 112 to peer 0x60b357c4a990 (12 bytes)
1759480717.219310 sending message 112 to peer 0x60b357c4a990 (13 bytes)
1759480717.219313 sending message 112 to peer 0x60b357c4a990 (13 bytes)
1759480717.219318 sending message 112 to peer 0x60b357c4a990 (13 bytes)
1759480717.219320 sending message 112 to peer 0x60b357c4a990 (13 bytes)
1759480717.219323 sending message 112 to peer 0x60b357c4a990 (13 bytes)
1759480717.219325 sending message 112 to peer 0x60b357c4a990 (9 bytes)
1759480717.219327 sending message 112 to peer 0x60b357c4a990 (12 bytes)
1759480717.219330 sending message 112 to peer 0x60b357c4a990 (13 bytes)
1759480717.219332 sending message 112 to peer 0x60b357c4a990 (13 bytes)
1759480717.219334 sending message 112 to peer 0x60b357c4a990 (13 bytes)
1759480717.219336 sending message 112 to peer 0x60b357c4a990 (13 bytes)
1759480717.219339 sending message 112 to peer 0x60b357c4a990 (13 bytes)
1759480717.219341 sending message 112 to peer 0x60b357c4a990 (11 bytes)
1759480717.219343 sending message 112 to peer 0x60b357c4a990 (12 bytes)
1759480717.219345 sending message 112 to peer 0x60b357c4a990 (13 bytes)
1759480717.219348 sending message 112 to peer 0x60b357c4a990 (13 bytes)
1759480717.219350 sending message 112 to peer 0x60b357c4a990 (13 bytes)
1759480717.219355 sending message 112 to peer 0x60b357c4a990 (13 bytes)
1759480717.219357 sending message 112 to peer 0x60b357c4a990 (13 bytes)
1759480717.219359 sending message 112 to peer 0x60b357c4a990 (11 bytes)
1759480717.219361 sending message 112 to peer 0x60b357c4a990 (12 bytes)
1759480717.219364 sending message 112 to peer 0x60b357c4a990 (12 bytes)
1759480717.219366 sending message 112 to peer 0x60b357c4a990 (12 bytes)
1759480717.219368 sending message 112 to peer 0x60b357c4a990 (12 bytes)
1759480717.219371 sending message 112 to peer 0x60b357c4a990 (12 bytes)
1759480717.219373 sending message 112 to peer 0x60b357c4a990 (21 bytes)
1759480717.219375 sending message 112 to peer 0x60b357c4a990 (12 bytes)
1759480717.219377 sending message 112 to peer 0x60b357c4a990 (9 bytes)
1759480717.219380 sending message 112 to peer 0x60b357c4a990 (6 bytes)
1759480717.219382 sending message 112 to peer 0x60b357c4a990 (13 bytes)
1759480717.219384 sending message 112 to peer 0x60b357c4a990 (10 bytes)
1759480717.219386 sending message 112 to peer 0x60b357c4a990 (24 bytes)
1759480717.219388 sending message 112 to peer 0x60b357c4a990 (13 bytes)
1759480717.219395 sending message 112 to peer 0x60b357c4a990 (9 bytes)
1759480717.219398 sending message 112 to peer 0x60b357c4a990 (70 bytes)
1759480717.219400 sending message 112 to peer 0x60b357c4a990 (69 bytes)
1759480717.219402 sending message 112 to peer 0x60b357c4a990 (12 bytes)
1759480717.219404 sending message 112 to peer 0x60b357c4a990 (10 bytes)
1759480717.219407 sending message 112 to peer 0x60b357c4a990 (10 bytes)
1759480717.219409 sending message 112 to peer 0x60b357c4a990 (24 bytes)
1759480717.219411 sending message 112 to peer 0x60b357c4a990 (13 bytes)
1759480717.219413 sending message 112 to peer 0x60b357c4a990 (10 bytes)
1759480717.219415 sending message 112 to peer 0x60b357c4a990 (10 bytes)
1759480717.219417 sending message 112 to peer 0x60b357c4a990 (10 bytes)
1759480717.219420 sending message 112 to peer 0x60b357c4a990 (13 bytes)
1759480717.219422 sending message 112 to peer 0x60b357c4a990 (15 bytes)
1759480717.219424 sending message 112 to peer 0x60b357c4a990 (5 bytes)
1759480717.219427 sending message 104 to peer 0x60b357c4a990 (0 bytes)
1759480717.219430 sending message 110 to peer 0x60b357c4a990 (0 bytes)
1759480717.219436 sending message 107 to peer 0x60b357c4a990 (4 bytes)
1759480717.219439 sending message 105 to peer 0x60b357c4a990 (32 bytes)
1759480717.219441 sending message 105 to peer 0x60b357c4a990 (30 bytes)
1759480717.219443 sending message 105 to peer 0x60b357c4a990 (29 bytes)
1759480717.219446 sending message 105 to peer 0x60b357c4a990 (19 bytes)
1759480717.219448 sending message 105 to peer 0x60b357c4a990 (34 bytes)
1759480717.219450 sending message 105 to peer 0x60b357c4a990 (40 bytes)
1759480717.219452 sending message 105 to peer 0x60b357c4a990 (21 bytes)
1759480717.219455 sending message 105 to peer 0x60b357c4a990 (8 bytes)
1759480717.219457 sending message 105 to peer 0x60b357c4a990 (8 bytes)
1759480717.219463 sending message 105 to peer 0x60b357c4a990 (15 bytes)
1759480717.219465 sending message 105 to peer 0x60b357c4a990 (25 bytes)
1759480717.219467 sending message 105 to peer 0x60b357c4a990 (14 bytes)
1759480717.219469 sending message 105 to peer 0x60b357c4a990 (20 bytes)
1759480717.219472 sending message 105 to peer 0x60b357c4a990 (19 bytes)
1759480717.219474 sending message 105 to peer 0x60b357c4a990 (32 bytes)
1759480717.219479 sending message 105 to peer 0x60b357c4a990 (28 bytes)
1759480717.219481 sending message 105 to peer 0x60b357c4a990 (11 bytes)
1759480717.219483 sending message 105 to peer 0x60b357c4a990 (54 bytes)
1759480717.219486 sending message 105 to peer 0x60b357c4a990 (7 bytes)
1759480717.219488 sending message 105 to peer 0x60b357c4a990 (25 bytes)
1759480717.219490 sending message 105 to peer 0x60b357c4a990 (22 bytes)
1759480717.219492 sending message 105 to peer 0x60b357c4a990 (5 bytes)
1759480717.219494 sending message 105 to peer 0x60b357c4a990 (23 bytes)
1759480717.219497 sending message 105 to peer 0x60b357c4a990 (20 bytes)
1759480717.219499 sending message 105 to peer 0x60b357c4a990 (21 bytes)
1759480717.219501 sending message 105 to peer 0x60b357c4a990 (11 bytes)
1759480717.219503 sending message 105 to peer 0x60b357c4a990 (11 bytes)
1759480717.219506 sending message 105 to peer 0x60b357c4a990 (177 bytes)
1759480717.219508 sending message 105 to peer 0x60b357c4a990 (31 bytes)
1759480717.219511 sending message 105 to peer 0x60b357c4a990 (17 bytes)
1759480717.219515 sending message 105 to peer 0x60b357c4a990 (1519 bytes)
1759480717.219534 sending message 105 to peer 0x60b357c4a990 (67 bytes)
1759480717.219536 sending message 105 to peer 0x60b357c4a990 (51 bytes)
1759480717.219539 sending message 105 to peer 0x60b357c4a990 (14 bytes)
1759480717.219541 sending message 105 to peer 0x60b357c4a990 (34 bytes)
1759480717.219544 sending message 105 to peer 0x60b357c4a990 (23 bytes)
1759480717.219546 sending message 105 to peer 0x60b357c4a990 (37 bytes)
1759480717.219548 sending message 105 to peer 0x60b357c4a990 (43 bytes)
1759480717.219551 sending message 105 to peer 0x60b357c4a990 (54 bytes)
1759480717.219553 sending message 105 to peer 0x60b357c4a990 (168 bytes)
1759480717.219556 sending message 105 to peer 0x60b357c4a990 (9 bytes)
1759480717.219558 sending message 105 to peer 0x60b357c4a990 (36 bytes)
1759480717.219561 sending message 105 to peer 0x60b357c4a990 (35 bytes)
1759480717.219563 sending message 105 to peer 0x60b357c4a990 (10 bytes)
1759480717.219565 sending message 105 to peer 0x60b357c4a990 (42 bytes)
1759480717.219568 sending message 106 to peer 0x60b357c4a990 (0 bytes)
1759480717.219573 sending message 200 to peer 0x60b357c4a990 (4 bytes)
1759480717.219576 client loop enter
1759480717.219620 client_signal: Child exited
1759480717.261499 peer 0x60b357c4a990 message 207
1759480717.261515 sending message 208 to peer 0x60b357c4a990 (0 bytes)
1759480733.383713 peer 0x60b357c4a990 message 203
1759480733.383737 sending message 205 to peer 0x60b357c4a990 (0 bytes)
1759480733.383998 peer 0x60b357c4a990 message 204
1759480733.384009 client loop exit
